Build started 28.02.2018 23:46:33.
     1>Project "C:\Users\User\Desktop\Ракетный комплекс\Ракетный комплекс\Ракетный комплекс\Ракетный комплекс.vcxproj" on node 2 (build target(s)).
     1>InitializeBuildStatus:
         Creating "Debug\Ракетный комплекс.unsuccessfulbuild" because "AlwaysCreate" was specified.
       GenerateTargetFrameworkMonikerAttribute:
       Skipping target "GenerateTargetFrameworkMonikerAttribute" because all output files are up-to-date with respect to the input files.
       ClCompile:
         All outputs are up-to-date.
         All outputs are up-to-date.
         All outputs are up-to-date.
       CoreResGen:
         "c:\Program Files (x86)\Microsoft SDKs\Windows\v7.0A\bin\NETFX 4.0 Tools\resgen.exe" /useSourcePath /r:"C:\Program Files (x86)\Reference Assemblies\Microsoft\Framework\.NETFramework\v4.0\System.Core.dll" /r:"C:\Program Files (x86)\Reference Assemblies\Microsoft\Framework\.NETFramework\v4.0\System.Data.dll" /r:"C:\Program Files (x86)\Reference Assemblies\Microsoft\Framework\.NETFramework\v4.0\System.dll" /r:"C:\Program Files (x86)\Reference Assemblies\Microsoft\Framework\.NETFramework\v4.0\System.Drawing.dll" /r:"C:\Program Files (x86)\Reference Assemblies\Microsoft\Framework\.NETFramework\v4.0\System.Windows.Forms.dll" /r:"C:\Program Files (x86)\Reference Assemblies\Microsoft\Framework\.NETFramework\v4.0\System.Xml.dll" /compile Form1.resX,"Debug\Ракетныйкомплекс.Form1.resources"
         Processing resource file "Form1.resX" into "Debug\Ракетныйкомплекс.Form1.resources".
       ResourceCompile:
         All outputs are up-to-date.
       Link:
         C:\Program Files (x86)\Microsoft Visual Studio 10.0\VC\bin\link.exe /ERRORREPORT:PROMPT /OUT:"C:\Users\User\Desktop\Ракетный комплекс\Ракетный комплекс\Debug\Ракетный комплекс.exe" /INCREMENTAL /NOLOGO /ASSEMBLYRESOURCE:"Debug\Ракетныйкомплекс.Form1.resources" /MANIFEST /ManifestFile:"Debug\Ракетный комплекс.exe.intermediate.manifest" /MANIFESTUAC:"level='asInvoker' uiAccess='false'" /DEBUG /PDB:"C:\Users\User\Desktop\Ракетный комплекс\Ракетный комплекс\Debug\Ракетный комплекс.pdb" /ASSEMBLYDEBUG /SUBSYSTEM:WINDOWS /TLBID:1 /ENTRY:"main" /DYNAMICBASE /FIXED:NO /NXCOMPAT /MACHINE:X86 Debug\app.res
         Debug\AssemblyInfo.obj
         Debug\stdafx.obj
         "Debug\Ракетный комплекс.obj"
         "Debug\.NETFramework,Version=v4.0.AssemblyAttributes.obj"
         Ракетный комплекс.vcxproj -> C:\Users\User\Desktop\Ракетный комплекс\Ракетный комплекс\Debug\Ракетный комплекс.exe
       Manifest:
         c:\Program Files (x86)\Microsoft SDKs\Windows\v7.0A\bin\mt.exe /nologo /verbose /outputresource:"C:\Users\User\Desktop\Ракетный комплекс\Ракетный комплекс\Debug\Ракетный комплекс.exe;#1" /manifest "Debug\Ракетный комплекс.exe.intermediate.manifest"
       FinalizeBuildStatus:
         Deleting file "Debug\Ракетный комплекс.unsuccessfulbuild".
         Touching "Debug\Ракетный комплекс.lastbuildstate".
     1>Done Building Project "C:\Users\User\Desktop\Ракетный комплекс\Ракетный комплекс\Ракетный комплекс\Ракетный комплекс.vcxproj" (build target(s)).

Build succeeded.

Time Elapsed 00:00:01.08
